#
# There is insufficient memory for the Java Runtime Environment to continue.
# Native memory allocation (malloc) failed to allocate 1406784 bytes. Error detail: Chunk::new
# Possible reasons:
#   The system is out of physical RAM or swap space
#   This process is running with CompressedOops enabled, and the Java Heap may be blocking the growth of the native heap
# Possible solutions:
#   Reduce memory load on the system
#   Increase physical memory or swap space
#   Check if swap backing store is full
#   Decrease Java heap size (-Xmx/-Xms)
#   Decrease number of Java threads
#   Decrease Java thread stack sizes (-Xss)
#   Set larger code cache with -XX:ReservedCodeCacheSize=
#   JVM is running with Unscaled Compressed Oops mode in which the Java heap is
#     placed in the first 4GB address space. The Java Heap base address is the
#     maximum limit for the native heap growth. Please use -XX:HeapBaseMinAddress
#     to set the Java Heap base and to place the Java Heap above 4GB virtual address.
# This output file may be truncated or incomplete.
#
#  Out of Memory Error (arena.cpp:168), pid=8216, tid=27360
#
# JRE version: OpenJDK Runtime Environment (21.0.6) (build 21.0.6+-13368085-b895.109)
# Java VM: OpenJDK 64-Bit Server VM (21.0.6+-13368085-b895.109, mixed mode, tiered, compressed oops, compressed class ptrs, g1 gc, windows-amd64)
# No core dump will be written. Minidumps are not enabled by default on client versions of Windows
#

---------------  S U M M A R Y ------------

Command Line: org.jetbrains.kotlin.cli.jvm.K2JVMCompiler @D:\flutter_windows_3.35.2-stable\flutter\packages\flutter_tools\gradle\build\20250920_3524342610313607682.compiler.options

Host: Intel(R) Core(TM) i3-1005G1 CPU @ 1.20GHz, 4 cores, 7G,  Windows 11 , 64 bit Build 22621 (10.0.22621.5415)
Time: Sat Sep 20 13:05:34 2025 Bangladesh Standard Time elapsed time: 4.854752 seconds (0d 0h 0m 4s)

---------------  T H R E A D  ---------------

Current thread (0x000002685b27b990):  JavaThread "C2 CompilerThread1" daemon [_thread_in_native, id=27360, stack(0x0000007a29700000,0x0000007a29800000) (1024K)]


Current CompileTask:
C2:4854 4151       4       org.jetbrains.kotlin.com.intellij.lang.impl.PsiBuilderImpl::insertLeaves (88 bytes)

Stack: [0x0000007a29700000,0x0000007a29800000]
Native frames: (J=compiled Java code, j=interpreted, Vv=VM code, C=native code)
V  [jvm.dll+0x6d0639]
V  [jvm.dll+0x85eb03]
V  [jvm.dll+0x86105e]
V  [jvm.dll+0x861743]
V  [jvm.dll+0x27e6e6]
V  [jvm.dll+0xbff6d]
V  [jvm.dll+0xc04a3]
V  [jvm.dll+0x3b61ab]
V  [jvm.dll+0x3820c7]
V  [jvm.dll+0x38153a]
V  [jvm.dll+0x247c82]
V  [jvm.dll+0x247251]
V  [jvm.dll+0x1c5f04]
V  [jvm.dll+0x2569ac]
V  [jvm.dll+0x254ef6]
V  [jvm.dll+0x3f0e96]
V  [jvm.dll+0x806ed8]
V  [jvm.dll+0x6cef0d]
C  [ucrtbase.dll+0x29333]
C  [KERNEL32.DLL+0x1259d]
C  [ntdll.dll+0x5af78]


---------------  P R O C E S S  ---------------

Threads class SMR info:
_java_thread_list=0x00000268604f99a0, length=12, elements={
0x000002684435f530, 0x000002685b2676a0, 0x000002685b2684e0, 0x000002685b26d0c0,
0x000002685b26a460, 0x000002685b26aac0, 0x000002685b26b510, 0x000002685b277f00,
0x000002685b2789e0, 0x000002685b416d20, 0x000002685b417950, 0x000002685b27b990
}

Java Threads: ( => current thread )
  0x000002684435f530 JavaThread "main"                              [_thread_in_vm, id=8268, stack(0x0000007a28500000,0x0000007a28600000) (1024K)]
  0x000002685b2676a0 JavaThread "Reference Handler"          daemon [_thread_blocked, id=5172, stack(0x0000007a28d00000,0x0000007a28e00000) (1024K)]
  0x000002685b2684e0 JavaThread "Finalizer"                  daemon [_thread_blocked, id=13784, stack(0x0000007a28e00000,0x0000007a28f00000) (1024K)]
  0x000002685b26d0c0 JavaThread "Signal Dispatcher"          daemon [_thread_blocked, id=23436, stack(0x0000007a28f00000,0x0000007a29000000) (1024K)]
  0x000002685b26a460 JavaThread "Attach Listener"            daemon [_thread_blocked, id=24864, stack(0x0000007a29000000,0x0000007a29100000) (1024K)]
  0x000002685b26aac0 JavaThread "Service Thread"             daemon [_thread_blocked, id=3292, stack(0x0000007a29100000,0x0000007a29200000) (1024K)]
  0x000002685b26b510 JavaThread "Monitor Deflation Thread"   daemon [_thread_blocked, id=5608, stack(0x0000007a29200000,0x0000007a29300000) (1024K)]
  0x000002685b277f00 JavaThread "C2 CompilerThread0"         daemon [_thread_in_native, id=20680, stack(0x0000007a29300000,0x0000007a29400000) (1024K)]
  0x000002685b2789e0 JavaThread "C1 CompilerThread0"         daemon [_thread_blocked, id=17040, stack(0x0000007a29400000,0x0000007a29500000) (1024K)]
  0x000002685b416d20 JavaThread "Notification Thread"        daemon [_thread_blocked, id=26700, stack(0x0000007a29500000,0x0000007a29600000) (1024K)]
  0x000002685b417950 JavaThread "Common-Cleaner"             daemon [_thread_blocked, id=29168, stack(0x0000007a29600000,0x0000007a29700000) (1024K)]
=>0x000002685b27b990 JavaThread "C2 CompilerThread1"         daemon [_thread_in_native, id=27360, stack(0x0000007a29700000,0x0000007a29800000) (1024K)]
Total: 12

Other Threads:
  0x000002685b1f8680 VMThread "VM Thread"                           [id=12036, stack(0x0000007a28c00000,0x0000007a28d00000) (1024K)]
  0x000002685b0371c0 WatcherThread "VM Periodic Task Thread"        [id=21140, stack(0x0000007a28b00000,0x0000007a28c00000) (1024K)]
  0x00000268443b07b0 WorkerThread "GC Thread#0"                     [id=25312, stack(0x0000007a28600000,0x0000007a28700000) (1024K)]
  0x000002685b953f60 WorkerThread "GC Thread#1"                     [id=22884, stack(0x0000007a29800000,0x0000007a29900000) (1024K)]
  0x000002685b9aca60 WorkerThread "GC Thread#2"                     [id=1744, stack(0x0000007a29900000,0x0000007a29a00000) (1024K)]
  0x000002685b955340 WorkerThread "GC Thread#3"                     [id=22732, stack(0x0000007a29a00000,0x0000007a29b00000) (1024K)]
  0x00000268443c1820 ConcurrentGCThread "G1 Main Marker"            [id=17180, stack(0x0000007a28700000,0x0000007a28800000) (1024K)]
  0x00000268443c2230 WorkerThread "G1 Conc#0"                       [id=21764, stack(0x0000007a28800000,0x0000007a28900000) (1024K)]
  0x000002685af07c50 ConcurrentGCThread "G1 Refine#0"               [id=21444, stack(0x0000007a28900000,0x0000007a28a00000) (1024K)]
  0x000002685af085d0 ConcurrentGCThread "G1 Service"                [id=1616, stack(0x0000007a28a00000,0x0000007a28b00000) (1024K)]
Total: 10

Threads with active compile tasks:
C2 CompilerThread0  4869 4037   !   4       jdk.internal.loader.BuiltinClassLoader::findClassOnClassPathOrNull (64 bytes)
C2 CompilerThread1  4869 4151       4       org.jetbrains.kotlin.com.intellij.lang.impl.PsiBuilderImpl::insertLeaves (88 bytes)
Total: 2

VM state: not at safepoint (normal execution)

VM Mutex/Monitor currently owned by a thread: None

Heap address: 0x0000000084000000, size: 1984 MB, Compressed Oops mode: 32-bit

CDS archive(s) not mapped
Compressed class space mapped at: 0x0000000100000000-0x0000000140000000, reserved size: 1073741824
Narrow klass base: 0x0000000000000000, Narrow klass shift: 3, Narrow klass range: 0x140000000

GC Precious Log:
 CardTable entry size: 512
 Card Set container configuration: InlinePtr #cards 5 size 8 Array Of Cards #cards 12 size 40 Howl #buckets 4 coarsen threshold 1843 Howl Bitmap #cards 512 size 80 coarsen threshold 460 Card regions per heap region 1 cards per card region 2048
 CPUs: 4 total, 4 available
 Memory: 7934M
 Large Page Support: Disabled
 NUMA Support: Disabled
 Compressed Oops: Enabled (32-bit)
 Heap Region Size: 1M
 Heap Min Capacity: 8M
 Heap Initial Capacity: 124M
 Heap Max Capacity: 1984M
 Pre-touch: Disabled
 Parallel Workers: 4
 Concurrent Workers: 1
 Concurrent Refinement Workers: 4
 Periodic GC: Disabled

Heap:
 garbage-first heap   total 95232K, used 80057K [0x0000000084000000, 0x0000000100000000)
  region size 1024K, 34 young (34816K), 4 survivors (4096K)
 Metaspace       used 51066K, committed 51840K, reserved 1114112K
  class space    used 6048K, committed 6400K, reserved 1048576K

Heap Regions: E=young(eden), S=young(survivor), O=old, HS=humongous(starts), HC=humongous(continues), CS=collection set, F=free, TAMS=top-at-mark-start, PB=parsable bottom
|   0|0x0000000084000000, 0x0000000084100000, 0x0000000084100000|100%|HS|  |TAMS 0x0000000084000000| PB 0x0000000084000000| Complete 
|   1|0x0000000084100000, 0x0000000084200000, 0x0000000084200000|100%|HC|  |TAMS 0x0000000084100000| PB 0x0000000084100000| Complete 
|   2|0x0000000084200000, 0x0000000084300000, 0x0000000084300000|100%|HC|  |TAMS 0x0000000084200000| PB 0x0000000084200000| Complete 
|   3|0x0000000084300000, 0x0000000084400000, 0x0000000084400000|100%|HC|  |TAMS 0x0000000084300000| PB 0x0000000084300000| Complete 
|   4|0x0000000084400000, 0x0000000084500000, 0x0000000084500000|100%| O|  |TAMS 0x0000000084400000| PB 0x0000000084400000| Untracked 
|   5|0x0000000084500000, 0x0000000084600000, 0x0000000084600000|100%| O|  |TAMS 0x0000000084500000| PB 0x0000000084500000| Untracked 
|   6|0x0000000084600000, 0x0000000084700000, 0x0000000084700000|100%| O|  |TAMS 0x0000000084600000| PB 0x0000000084600000| Untracked 
|   7|0x0000000084700000, 0x0000000084800000, 0x0000000084800000|100%| O|  |TAMS 0x0000000084700000| PB 0x0000000084700000| Untracked 
|   8|0x0000000084800000, 0x0000000084900000, 0x0000000084900000|100%| O|  |TAMS 0x0000000084800000| PB 0x0000000084800000| Untracked 
|   9|0x0000000084900000, 0x0000000084900000, 0x0000000084a00000|  0%| F|  |TAMS 0x0000000084900000| PB 0x0000000084900000| Untracked 
|  10|0x0000000084a00000, 0x0000000084b00000, 0x0000000084b00000|100%| O|  |TAMS 0x0000000084a00000| PB 0x0000000084a00000| Untracked 
|  11|0x0000000084b00000, 0x0000000084c00000, 0x0000000084c00000|100%| O|  |TAMS 0x0000000084b00000| PB 0x0000000084b00000| Untracked 
|  12|0x0000000084c00000, 0x0000000084d00000, 0x0000000084d00000|100%| O|  |TAMS 0x0000000084c00000| PB 0x0000000084c00000| Untracked 
|  13|0x0000000084d00000, 0x0000000084e00000, 0x0000000084e00000|100%| O|  |TAMS 0x0000000084d00000| PB 0x0000000084d00000| Untracked 
|  14|0x0000000084e00000, 0x0000000084f00000, 0x0000000084f00000|100%| O|  |TAMS 0x0000000084e00000| PB 0x0000000084e00000| Untracked 
|  15|0x0000000084f00000, 0x0000000085000000, 0x0000000085000000|100%| O|  |TAMS 0x0000000084f00000| PB 0x0000000084f00000| Untracked 
|  16|0x0000000085000000, 0x0000000085100000, 0x0000000085100000|100%|HS|  |TAMS 0x0000000085000000| PB 0x0000000085000000| Complete 
|  17|0x0000000085100000, 0x0000000085200000, 0x0000000085200000|100%| O|  |TAMS 0x0000000085100000| PB 0x0000000085100000| Untracked 
|  18|0x0000000085200000, 0x0000000085300000, 0x0000000085300000|100%| O|  |TAMS 0x0000000085200000| PB 0x0000000085200000| Untracked 
|  19|0x0000000085300000, 0x0000000085400000, 0x0000000085400000|100%|HS|  |TAMS 0x0000000085300000| PB 0x0000000085300000| Complete 
|  20|0x0000000085400000, 0x0000000085500000, 0x0000000085500000|100%| O|  |TAMS 0x0000000085400000| PB 0x0000000085400000| Untracked 
|  21|0x0000000085500000, 0x0000000085600000, 0x0000000085600000|100%| O|  |TAMS 0x0000000085500000| PB 0x0000000085500000| Untracked 
|  22|0x0000000085600000, 0x0000000085700000, 0x0000000085700000|100%| O|  |TAMS 0x0000000085600000| PB 0x0000000085600000| Untracked 
|  23|0x0000000085700000, 0x0000000085800000, 0x0000000085800000|100%| O|  |TAMS 0x0000000085700000| PB 0x0000000085700000| Untracked 
|  24|0x0000000085800000, 0x0000000085900000, 0x0000000085900000|100%|HS|  |TAMS 0x0000000085800000| PB 0x0000000085800000| Complete 
|  25|0x0000000085900000, 0x0000000085a00000, 0x0000000085a00000|100%| O|  |TAMS 0x0000000085900000| PB 0x0000000085900000| Untracked 
|  26|0x0000000085a00000, 0x0000000085b00000, 0x0000000085b00000|100%| O|  |TAMS 0x0000000085a00000| PB 0x0000000085a00000| Untracked 
|  27|0x0000000085b00000, 0x0000000085b00000, 0x0000000085c00000|  0%| F|  |TAMS 0x0000000085b00000| PB 0x0000000085b00000| Untracked 
|  28|0x0000000085c00000, 0x0000000085d00000, 0x0000000085d00000|100%| O|  |TAMS 0x0000000085c00000| PB 0x0000000085c00000| Untracked 
|  29|0x0000000085d00000, 0x0000000085e00000, 0x0000000085e00000|100%|HS|  |TAMS 0x0000000085d00000| PB 0x0000000085d00000| Complete 
|  30|0x0000000085e00000, 0x0000000085f00000, 0x0000000085f00000|100%|HC|  |TAMS 0x0000000085e00000| PB 0x0000000085e00000| Complete 
|  31|0x0000000085f00000, 0x0000000086000000, 0x0000000086000000|100%|HC|  |TAMS 0x0000000085f00000| PB 0x0000000085f00000| Complete 
|  32|0x0000000086000000, 0x0000000086100000, 0x0000000086100000|100%|HC|  |TAMS 0x0000000086000000| PB 0x0000000086000000| Complete 
|  33|0x0000000086100000, 0x0000000086200000, 0x0000000086200000|100%|HC|  |TAMS 0x0000000086100000| PB 0x0000000086100000| Complete 
|  34|0x0000000086200000, 0x0000000086300000, 0x0000000086300000|100%|HC|  |TAMS 0x0000000086200000| PB 0x0000000086200000| Complete 
|  35|0x0000000086300000, 0x0000000086400000, 0x0000000086400000|100%|HS|  |TAMS 0x0000000086300000| PB 0x0000000086300000| Complete 
|  36|0x0000000086400000, 0x0000000086500000, 0x0000000086500000|100%|HC|  |TAMS 0x0000000086400000| PB 0x0000000086400000| Complete 
|  37|0x0000000086500000, 0x0000000086600000, 0x0000000086600000|100%| O|  |TAMS 0x0000000086500000| PB 0x0000000086500000| Untracked 
|  38|0x0000000086600000, 0x0000000086700000, 0x0000000086700000|100%| O|  |TAMS 0x0000000086600000| PB 0x0000000086600000| Untracked 
|  39|0x0000000086700000, 0x0000000086800000, 0x0000000086800000|100%| O|  |TAMS 0x0000000086700000| PB 0x0000000086700000| Untracked 
|  40|0x0000000086800000, 0x0000000086900000, 0x0000000086900000|100%| O|  |TAMS 0x0000000086800000| PB 0x0000000086800000| Untracked 
|  41|0x0000000086900000, 0x0000000086900000, 0x0000000086a00000|  0%| F|  |TAMS 0x0000000086900000| PB 0x0000000086900000| Untracked 
|  42|0x0000000086a00000, 0x0000000086b00000, 0x0000000086b00000|100%| O|  |TAMS 0x0000000086a00000| PB 0x0000000086a00000| Untracked 
|  43|0x0000000086b00000, 0x0000000086c00000, 0x0000000086c00000|100%| O|  |TAMS 0x0000000086b00000| PB 0x0000000086b00000| Untracked 
|  44|0x0000000086c00000, 0x0000000086d00000, 0x0000000086d00000|100%| O|  |TAMS 0x0000000086c00000| PB 0x0000000086c00000| Untracked 
|  45|0x0000000086d00000, 0x0000000086e00000, 0x0000000086e00000|100%| O|  |TAMS 0x0000000086d00000| PB 0x0000000086d00000| Untracked 
|  46|0x0000000086e00000, 0x0000000086eae420, 0x0000000086f00000| 68%| O|  |TAMS 0x0000000086e00000| PB 0x0000000086e00000| Untracked 
|  47|0x0000000086f00000, 0x0000000086f00000, 0x0000000087000000|  0%| F|  |TAMS 0x0000000086f00000| PB 0x0000000086f00000| Untracked 
|  48|0x0000000087000000, 0x0000000087000000, 0x0000000087100000|  0%| F|  |TAMS 0x0000000087000000| PB 0x0000000087000000| Untracked 
|  49|0x0000000087100000, 0x0000000087100000, 0x0000000087200000|  0%| F|  |TAMS 0x0000000087100000| PB 0x0000000087100000| Untracked 
|  50|0x0000000087200000, 0x0000000087280000, 0x0000000087300000| 50%| S|CS|TAMS 0x0000000087200000| PB 0x0000000087200000| Complete 
|  51|0x0000000087300000, 0x0000000087400000, 0x0000000087400000|100%| S|CS|TAMS 0x0000000087300000| PB 0x0000000087300000| Complete 
|  52|0x0000000087400000, 0x0000000087500000, 0x0000000087500000|100%| S|CS|TAMS 0x0000000087400000| PB 0x0000000087400000| Complete 
|  53|0x0000000087500000, 0x0000000087500000, 0x0000000087600000|  0%| F|  |TAMS 0x0000000087500000| PB 0x0000000087500000| Untracked 
|  54|0x0000000087600000, 0x0000000087600000, 0x0000000087700000|  0%| F|  |TAMS 0x0000000087600000| PB 0x0000000087600000| Untracked 
|  55|0x0000000087700000, 0x0000000087700000, 0x0000000087800000|  0%| F|  |TAMS 0x0000000087700000| PB 0x0000000087700000| Untracked 
|  56|0x0000000087800000, 0x0000000087800000, 0x0000000087900000|  0%| F|  |TAMS 0x0000000087800000| PB 0x0000000087800000| Untracked 
|  57|0x0000000087900000, 0x0000000087a00000, 0x0000000087a00000|100%| S|CS|TAMS 0x0000000087900000| PB 0x0000000087900000| Complete 
|  58|0x0000000087a00000, 0x0000000087a00000, 0x0000000087b00000|  0%| F|  |TAMS 0x0000000087a00000| PB 0x0000000087a00000| Untracked 
|  59|0x0000000087b00000, 0x0000000087b00000, 0x0000000087c00000|  0%| F|  |TAMS 0x0000000087b00000| PB 0x0000000087b00000| Untracked 
|  60|0x0000000087c00000, 0x0000000087c00000, 0x0000000087d00000|  0%| F|  |TAMS 0x0000000087c00000| PB 0x0000000087c00000| Untracked 
|  61|0x0000000087d00000, 0x0000000087d83638, 0x0000000087e00000| 51%| E|  |TAMS 0x0000000087d00000| PB 0x0000000087d00000| Complete 
|  62|0x0000000087e00000, 0x0000000087f00000, 0x0000000087f00000|100%| E|CS|TAMS 0x0000000087e00000| PB 0x0000000087e00000| Complete 
|  63|0x0000000087f00000, 0x0000000088000000, 0x0000000088000000|100%| E|CS|TAMS 0x0000000087f00000| PB 0x0000000087f00000| Complete 
|  64|0x0000000088000000, 0x0000000088100000, 0x0000000088100000|100%| E|CS|TAMS 0x0000000088000000| PB 0x0000000088000000| Complete 
|  65|0x0000000088100000, 0x0000000088200000, 0x0000000088200000|100%| E|CS|TAMS 0x0000000088100000| PB 0x0000000088100000| Complete 
|  66|0x0000000088200000, 0x0000000088300000, 0x0000000088300000|100%| E|CS|TAMS 0x0000000088200000| PB 0x0000000088200000| Complete 
|  67|0x0000000088300000, 0x0000000088400000, 0x0000000088400000|100%| E|CS|TAMS 0x0000000088300000| PB 0x0000000088300000| Complete 
|  68|0x0000000088400000, 0x0000000088500000, 0x0000000088500000|100%| E|CS|TAMS 0x0000000088400000| PB 0x0000000088400000| Complete 
|  69|0x0000000088500000, 0x0000000088600000, 0x0000000088600000|100%| E|CS|TAMS 0x0000000088500000| PB 0x0000000088500000| Complete 
|  70|0x0000000088600000, 0x0000000088700000, 0x0000000088700000|100%| E|CS|TAMS 0x0000000088600000| PB 0x0000000088600000| Complete 
|  71|0x0000000088700000, 0x0000000088800000, 0x0000000088800000|100%| E|CS|TAMS 0x0000000088700000| PB 0x0000000088700000| Complete 
|  72|0x0000000088800000, 0x0000000088900000, 0x0000000088900000|100%| E|CS|TAMS 0x0000000088800000| PB 0x0000000088800000| Complete 
|  73|0x0000000088900000, 0x0000000088a00000, 0x0000000088a00000|100%| E|CS|TAMS 0x0000000088900000| PB 0x0000000088900000| Complete 
|  74|0x0000000088a00000, 0x0000000088b00000, 0x0000000088b00000|100%| E|CS|TAMS 0x0000000088a00000| PB 0x0000000088a00000| Complete 
|  75|0x0000000088b00000, 0x0000000088c00000, 0x0000000088c00000|100%| E|CS|TAMS 0x0000000088b00000| PB 0x0000000088b00000| Complete 
|  76|0x0000000088c00000, 0x0000000088d00000, 0x0000000088d00000|100%| E|CS|TAMS 0x0000000088c00000| PB 0x0000000088c00000| Complete 
|  77|0x0000000088d00000, 0x0000000088e00000, 0x0000000088e00000|100%| E|CS|TAMS 0x0000000088d00000| PB 0x0000000088d00000| Complete 
|  78|0x0000000088e00000, 0x0000000088f00000, 0x0000000088f00000|100%| E|CS|TAMS 0x0000000088e00000| PB 0x0000000088e00000| Complete 
|  79|0x0000000088f00000, 0x0000000089000000, 0x0000000089000000|100%| E|CS|TAMS 0x0000000088f00000| PB 0x0000000088f00000| Complete 
|  80|0x0000000089000000, 0x0000000089100000, 0x0000000089100000|100%| E|CS|TAMS 0x0000000089000000| PB 0x0000000089000000| Complete 
|  81|0x0000000089100000, 0x0000000089200000, 0x0000000089200000|100%| E|CS|TAMS 0x0000000089100000| PB 0x0000000089100000| Complete 
|  82|0x0000000089200000, 0x0000000089300000, 0x0000000089300000|100%| E|CS|TAMS 0x0000000089200000| PB 0x0000000089200000| Complete 
|  83|0x0000000089300000, 0x0000000089400000, 0x0000000089400000|100%| E|CS|TAMS 0x0000000089300000| PB 0x0000000089300000| Complete 
|  84|0x0000000089400000, 0x0000000089500000, 0x0000000089500000|100%| E|CS|TAMS 0x0000000089400000| PB 0x0000000089400000| Complete 
|  85|0x0000000089500000, 0x0000000089600000, 0x0000000089600000|100%| E|CS|TAMS 0x0000000089500000| PB 0x0000000089500000| Complete 
| 111|0x000000008af00000, 0x000000008b000000, 0x000000008b000000|100%| E|CS|TAMS 0x000000008af00000| PB 0x000000008af00000| Complete 
| 112|0x000000008b000000, 0x000000008b100000, 0x000000008b100000|100%| E|CS|TAMS 0x000000008b000000| PB 0x000000008b000000| Complete 
| 123|0x000000008bb00000, 0x000000008bc00000, 0x000000008bc00000|100%| E|CS|TAMS 0x000000008bb00000| PB 0x000000008bb00000| Complete 
|1980|0x00000000ffc00000, 0x00000000ffd00000, 0x00000000ffd00000|100%| O|  |TAMS 0x00000000ffc00000| PB 0x00000000ffc00000| Untracked 
|1981|0x00000000ffd00000, 0x00000000ffe00000, 0x00000000ffe00000|100%| O|  |TAMS 0x00000000ffd00000| PB 0x00000000ffd00000| Untracked 
|1982|0x00000000ffe00000, 0x00000000fff00000, 0x00000000fff00000|100%| E|CS|TAMS 0x00000000ffe00000| PB 0x00000000ffe00000| Complete 
|1983|0x00000000fff00000, 0x0000000100000000, 0x0000000100000000|100%| E|CS|TAMS 0x00000000fff00000| PB 0x00000000fff00000| Complete 

Card table byte_map: [0x0000026856890000,0x0000026856c70000] _byte_map_base: 0x0000026856470000

Marking Bits: (CMBitMap*) 0x00000268443b15d0
 Bits: [0x0000026856c70000, 0x0000026858b70000)

Polling page: 0x00000268421f0000

Metaspace:

Usage:
  Non-class:     43.99 MB used.
      Class:      5.91 MB used.
       Both:     49.90 MB used.

Virtual space:
  Non-class space:       64.00 MB reserved,      44.38 MB ( 69%) committed,  1 nodes.
      Class space:        1.00 GB reserved,       6.25 MB ( <1%) committed,  1 nodes.
             Both:        1.06 GB reserved,      50.62 MB (  5%) committed. 

Chunk freelists:
   Non-Class:  3.03 MB
       Class:  9.66 MB
        Both:  12.69 MB

MaxMetaspaceSize: unlimited
CompressedClassSpaceSize: 1.00 GB
Initial GC threshold: 21.00 MB
Current GC threshold: 60.56 MB
CDS: off
 - commit_granule_bytes: 65536.
 - commit_granule_words: 8192.
 - virtual_space_node_default_size: 8388608.
 - enlarge_chunks_in_place: 1.
 - use_allocation_guard: 0.


Internal statistics:

num_allocs_failed_limit: 3.
num_arena_births: 1214.
num_arena_deaths: 0.
num_vsnodes_births: 2.
num_vsnodes_deaths: 0.
num_space_committed: 808.
num_space_uncommitted: 0.
num_chunks_returned_to_freelist: 3.
num_chunks_taken_from_freelist: 2872.
num_chunk_merges: 3.
num_chunk_splits: 2138.
num_chunks_enlarged: 1613.
num_inconsistent_stats: 0.

CodeHeap 'non-profiled nmethods': size=120000Kb used=2160Kb max_used=2160Kb free=117839Kb
 bounds [0x000002684ef80000, 0x000002684f1f0000, 0x00000268564b0000]
CodeHeap 'profiled nmethods': size=120000Kb used=7680Kb max_used=7680Kb free=112319Kb
 bounds [0x00000268474b0000, 0x0000026847c40000, 0x000002684e9e0000]
CodeHeap 'non-nmethods': size=5760Kb used=1711Kb max_used=1795Kb free=4048Kb
 bounds [0x000002684e9e0000, 0x000002684ec50000, 0x000002684ef80000]
 total_blobs=4561 nmethods=3943 adapters=522
 compilation: enabled
              stopped_count=0, restarted_count=0
 full_count=0

Compilation events (20 events):
Event: 4.810 Thread 0x000002685b2789e0 4265       2       java.lang.invoke.MethodHandles$Lookup::maybeBindCaller (72 bytes)
Event: 4.811 Thread 0x000002685b2789e0 nmethod 4265 0x0000026847c28610 code [0x0000026847c287e0, 0x0000026847c28b00]
Event: 4.811 Thread 0x000002685b2789e0 4266       2       jdk.internal.org.objectweb.asm.ClassWriter::visitEnd (1 bytes)
Event: 4.811 Thread 0x000002685b2789e0 nmethod 4266 0x0000026847c28d10 code [0x0000026847c28ea0, 0x0000026847c28fa8]
Event: 4.812 Thread 0x000002685b2789e0 4267       2       java.lang.invoke.BoundMethodHandle::rebind (14 bytes)
Event: 4.812 Thread 0x000002685b2789e0 nmethod 4267 0x0000026847c29010 code [0x0000026847c291e0, 0x0000026847c293f0]
Event: 4.813 Thread 0x000002685b2789e0 4268       2       java.lang.invoke.MethodHandleNatives::linkCallSite (65 bytes)
Event: 4.813 Thread 0x000002685b2789e0 nmethod 4268 0x0000026847c29590 code [0x0000026847c29760, 0x0000026847c29998]
Event: 4.813 Thread 0x000002685b2789e0 4269       2       java.lang.invoke.MethodHandleNatives::linkCallSiteImpl (119 bytes)
Event: 4.814 Thread 0x000002685b2789e0 nmethod 4269 0x0000026847c29b10 code [0x0000026847c29d20, 0x0000026847c2a1b8]
Event: 4.814 Thread 0x000002685b2789e0 4270       2       java.lang.invoke.ConstantCallSite::<init> (17 bytes)
Event: 4.814 Thread 0x000002685b2789e0 nmethod 4270 0x0000026847c2a510 code [0x0000026847c2a6c0, 0x0000026847c2a938]
Event: 4.814 Thread 0x000002685b2789e0 4271       2       jdk.internal.org.objectweb.asm.MethodVisitor::visitMethodInsn (80 bytes)
Event: 4.814 Thread 0x000002685b2789e0 nmethod 4271 0x0000026847c2aa90 code [0x0000026847c2ac60, 0x0000026847c2aef0]
Event: 4.814 Thread 0x000002685b2789e0 4272       2       java.lang.invoke.MethodHandles$Lookup::findConstructor (61 bytes)
Event: 4.815 Thread 0x000002685b2789e0 nmethod 4272 0x0000026847c2b010 code [0x0000026847c2b240, 0x0000026847c2b698]
Event: 4.815 Thread 0x000002685b2789e0 4273       2       jdk.internal.misc.CDS::isSharingEnabled (4 bytes)
Event: 4.815 Thread 0x000002685b2789e0 nmethod 4273 0x0000026847c2b910 code [0x0000026847c2baa0, 0x0000026847c2bb88]
Event: 4.815 Thread 0x000002685b2789e0 4274       2       java.lang.invoke.MethodHandles$Lookup::getDirectMethodNoSecurityManager (18 bytes)
Event: 4.816 Thread 0x000002685b2789e0 nmethod 4274 0x0000026847c2bc10 code [0x0000026847c2bdc0, 0x0000026847c2bef0]

GC Heap History (20 events):
Event: 1.465 GC heap before
{Heap before GC invocations=5 (full 0):
 garbage-first heap   total 34816K, used 26547K [0x0000000084000000, 0x0000000100000000)
  region size 1024K, 13 young (13312K), 4 survivors (4096K)
 Metaspace       used 25746K, committed 26112K, reserved 1114112K
  class space    used 3057K, committed 3200K, reserved 1048576K
}
Event: 1.472 GC heap after
{Heap after GC invocations=6 (full 0):
 garbage-first heap   total 34816K, used 19620K [0x0000000084000000, 0x0000000100000000)
  region size 1024K, 2 young (2048K), 2 survivors (2048K)
 Metaspace       used 25746K, committed 26112K, reserved 1114112K
  class space    used 3057K, committed 3200K, reserved 1048576K
}
Event: 1.513 GC heap before
{Heap before GC invocations=6 (full 0):
 garbage-first heap   total 34816K, used 28836K [0x0000000084000000, 0x0000000100000000)
  region size 1024K, 11 young (11264K), 2 survivors (2048K)
 Metaspace       used 25746K, committed 26112K, reserved 1114112K
  class space    used 3057K, committed 3200K, reserved 1048576K
}
Event: 1.519 GC heap after
{Heap after GC invocations=7 (full 0):
 garbage-first heap   total 53248K, used 21947K [0x0000000084000000, 0x0000000100000000)
  region size 1024K, 2 young (2048K), 2 survivors (2048K)
 Metaspace       used 25746K, committed 26112K, reserved 1114112K
  class space    used 3057K, committed 3200K, reserved 1048576K
}
Event: 1.702 GC heap before
{Heap before GC invocations=8 (full 0):
 garbage-first heap   total 53248K, used 42427K [0x0000000084000000, 0x0000000100000000)
  region size 1024K, 22 young (22528K), 2 survivors (2048K)
 Metaspace       used 25886K, committed 26240K, reserved 1114112K
  class space    used 3062K, committed 3200K, reserved 1048576K
}
Event: 1.720 GC heap after
{Heap after GC invocations=9 (full 0):
 garbage-first heap   total 55296K, used 25426K [0x0000000084000000, 0x0000000100000000)
  region size 1024K, 3 young (3072K), 3 survivors (3072K)
 Metaspace       used 25886K, committed 26240K, reserved 1114112K
  class space    used 3062K, committed 3200K, reserved 1048576K
}
Event: 1.829 GC heap before
{Heap before GC invocations=9 (full 0):
 garbage-first heap   total 55296K, used 44882K [0x0000000084000000, 0x0000000100000000)
  region size 1024K, 19 young (19456K), 3 survivors (3072K)
 Metaspace       used 26283K, committed 26624K, reserved 1114112K
  class space    used 3105K, committed 3264K, reserved 1048576K
}
Event: 1.839 GC heap after
{Heap after GC invocations=10 (full 0):
 garbage-first heap   total 55296K, used 28160K [0x0000000084000000, 0x0000000100000000)
  region size 1024K, 3 young (3072K), 3 survivors (3072K)
 Metaspace       used 26283K, committed 26624K, reserved 1114112K
  class space    used 3105K, committed 3264K, reserved 1048576K
}
Event: 2.123 GC heap before
{Heap before GC invocations=10 (full 0):
 garbage-first heap   total 55296K, used 41472K [0x0000000084000000, 0x0000000100000000)
  region size 1024K, 17 young (17408K), 3 survivors (3072K)
 Metaspace       used 30094K, committed 30336K, reserved 1114112K
  class space    used 3715K, committed 3840K, reserved 1048576K
}
Event: 2.129 GC heap after
{Heap after GC invocations=11 (full 0):
 garbage-first heap   total 55296K, used 29420K [0x0000000084000000, 0x0000000100000000)
  region size 1024K, 1 young (1024K), 1 survivors (1024K)
 Metaspace       used 30094K, committed 30336K, reserved 1114112K
  class space    used 3715K, committed 3840K, reserved 1048576K
}
Event: 2.486 GC heap before
{Heap before GC invocations=12 (full 0):
 garbage-first heap   total 55296K, used 53996K [0x0000000084000000, 0x0000000100000000)
  region size 1024K, 16 young (16384K), 1 survivors (1024K)
 Metaspace       used 32692K, committed 32896K, reserved 1114112K
  class space    used 3992K, committed 4096K, reserved 1048576K
}
Event: 2.490 GC heap after
{Heap after GC invocations=13 (full 0):
 garbage-first heap   total 59392K, used 43008K [0x0000000084000000, 0x0000000100000000)
  region size 1024K, 2 young (2048K), 2 survivors (2048K)
 Metaspace       used 32692K, committed 32896K, reserved 1114112K
  class space    used 3992K, committed 4096K, reserved 1048576K
}
Event: 2.651 GC heap before
{Heap before GC invocations=13 (full 0):
 garbage-first heap   total 59392K, used 51200K [0x0000000084000000, 0x0000000100000000)
  region size 1024K, 11 young (11264K), 2 survivors (2048K)
 Metaspace       used 34578K, committed 34880K, reserved 1114112K
  class space    used 4200K, committed 4352K, reserved 1048576K
}
Event: 2.655 GC heap after
{Heap after GC invocations=14 (full 0):
 garbage-first heap   total 59392K, used 43784K [0x0000000084000000, 0x0000000100000000)
  region size 1024K, 2 young (2048K), 2 survivors (2048K)
 Metaspace       used 34578K, committed 34880K, reserved 1114112K
  class space    used 4200K, committed 4352K, reserved 1048576K
}
Event: 2.777 GC heap before
{Heap before GC invocations=14 (full 0):
 garbage-first heap   total 59392K, used 50952K [0x0000000084000000, 0x0000000100000000)
  region size 1024K, 10 young (10240K), 2 survivors (2048K)
 Metaspace       used 36333K, committed 36672K, reserved 1114112K
  class space    used 4329K, committed 4480K, reserved 1048576K
}
Event: 2.781 GC heap after
{Heap after GC invocations=15 (full 0):
 garbage-first heap   total 95232K, used 44490K [0x0000000084000000, 0x0000000100000000)
  region size 1024K, 1 young (1024K), 1 survivors (1024K)
 Metaspace       used 36333K, committed 36672K, reserved 1114112K
  class space    used 4329K, committed 4480K, reserved 1048576K
}
Event: 3.614 GC heap before
{Heap before GC invocations=16 (full 0):
 garbage-first heap   total 95232K, used 78282K [0x0000000084000000, 0x0000000100000000)
  region size 1024K, 35 young (35840K), 1 survivors (1024K)
 Metaspace       used 42760K, committed 43520K, reserved 1114112K
  class space    used 5083K, committed 5440K, reserved 1048576K
}
Event: 3.622 GC heap after
{Heap after GC invocations=17 (full 0):
 garbage-first heap   total 95232K, used 47595K [0x0000000084000000, 0x0000000100000000)
  region size 1024K, 4 young (4096K), 4 survivors (4096K)
 Metaspace       used 42760K, committed 43520K, reserved 1114112K
  class space    used 5083K, committed 5440K, reserved 1048576K
}
Event: 4.282 GC heap before
{Heap before GC invocations=17 (full 0):
 garbage-first heap   total 95232K, used 82411K [0x0000000084000000, 0x0000000100000000)
  region size 1024K, 37 young (37888K), 4 survivors (4096K)
 Metaspace       used 47034K, committed 47808K, reserved 1114112K
  class space    used 5583K, committed 5952K, reserved 1048576K
}
Event: 4.295 GC heap after
{Heap after GC invocations=18 (full 0):
 garbage-first heap   total 95232K, used 50361K [0x0000000084000000, 0x0000000100000000)
  region size 1024K, 4 young (4096K), 4 survivors (4096K)
 Metaspace       used 47034K, committed 47808K, reserved 1114112K
  class space    used 5583K, committed 5952K, reserved 1048576K
}

Dll operation events (3 events):
Event: 0.008 Loaded shared library C:\Program Files\Android\Android Studio\jbr\bin\java.dll
Event: 0.012 Loaded shared library C:\Program Files\Android\Android Studio\jbr\bin\zip.dll
Event: 1.043 Loaded shared library C:\Program Files\Android\Android Studio\jbr\bin\verify.dll

Deoptimization events (20 events):
Event: 4.427 Thread 0x000002684435f530 DEOPT PACKING pc=0x0000026847b45dc8 sp=0x0000007a285fcc80
Event: 4.427 Thread 0x000002684435f530 DEOPT UNPACKING pc=0x000002684ea388e2 sp=0x0000007a285fc158 mode 0
Event: 4.467 Thread 0x000002684435f530 DEOPT PACKING pc=0x0000026847b45dc8 sp=0x0000007a285fcc80
Event: 4.467 Thread 0x000002684435f530 DEOPT UNPACKING pc=0x000002684ea388e2 sp=0x0000007a285fc158 mode 0
Event: 4.595 Thread 0x000002684435f530 Uncommon trap: trap_request=0xffffff45 fr.pc=0x000002684f0feb84 relative=0x0000000000000c64
Event: 4.595 Thread 0x000002684435f530 Uncommon trap: reason=unstable_if action=reinterpret pc=0x000002684f0feb84 method=org.jetbrains.kotlin.parsing.AbstractKotlinParsing.tokenMatches(Lorg/jetbrains/kotlin/com/intellij/psi/tree/IElementType;Lorg/jetbrains/kotlin/com/intellij/psi/tree/IElement
Event: 4.595 Thread 0x000002684435f530 DEOPT PACKING pc=0x000002684f0feb84 sp=0x0000007a285fa890
Event: 4.595 Thread 0x000002684435f530 DEOPT UNPACKING pc=0x000002684ea37da2 sp=0x0000007a285fa788 mode 2
Event: 4.596 Thread 0x000002684435f530 Uncommon trap: trap_request=0xffffff45 fr.pc=0x000002684f0fcb40 relative=0x00000000000005e0
Event: 4.597 Thread 0x000002684435f530 Uncommon trap: reason=unstable_if action=reinterpret pc=0x000002684f0fcb40 method=org.jetbrains.kotlin.parsing.AbstractKotlinParsing.tokenMatches(Lorg/jetbrains/kotlin/com/intellij/psi/tree/IElementType;Lorg/jetbrains/kotlin/com/intellij/psi/tree/IElement
Event: 4.597 Thread 0x000002684435f530 DEOPT PACKING pc=0x000002684f0fcb40 sp=0x0000007a285fbd80
Event: 4.597 Thread 0x000002684435f530 DEOPT UNPACKING pc=0x000002684ea37da2 sp=0x0000007a285fbce0 mode 2
Event: 4.658 Thread 0x000002684435f530 Uncommon trap: trap_request=0xffffff45 fr.pc=0x000002684f0f1da4 relative=0x0000000000000084
Event: 4.658 Thread 0x000002684435f530 Uncommon trap: reason=unstable_if action=reinterpret pc=0x000002684f0f1da4 method=org.jetbrains.kotlin.parsing.AbstractKotlinParsing.tokenMatches(Lorg/jetbrains/kotlin/com/intellij/psi/tree/IElementType;Lorg/jetbrains/kotlin/com/intellij/psi/tree/IElement
Event: 4.658 Thread 0x000002684435f530 DEOPT PACKING pc=0x000002684f0f1da4 sp=0x0000007a285fbc40
Event: 4.658 Thread 0x000002684435f530 DEOPT UNPACKING pc=0x000002684ea37da2 sp=0x0000007a285fbbc0 mode 2
Event: 4.678 Thread 0x000002684435f530 Uncommon trap: trap_request=0xffffff45 fr.pc=0x000002684f17b84c relative=0x000000000000010c
Event: 4.678 Thread 0x000002684435f530 Uncommon trap: reason=unstable_if action=reinterpret pc=0x000002684f17b84c method=java.text.StringCharacterIterator.current()C @ 19 c2
Event: 4.678 Thread 0x000002684435f530 DEOPT PACKING pc=0x000002684f17b84c sp=0x0000007a285fbbd0
Event: 4.678 Thread 0x000002684435f530 DEOPT UNPACKING pc=0x000002684ea37da2 sp=0x0000007a285fbb68 mode 2

Classes loaded (20 events):
Event: 3.844 Loading class java/util/stream/ReduceOps$3ReducingSink
Event: 3.844 Loading class java/util/stream/ReduceOps$AccumulatingSink
Event: 3.844 Loading class java/util/stream/ReduceOps$AccumulatingSink done
Event: 3.844 Loading class java/util/stream/ReduceOps$Box
Event: 3.844 Loading class java/util/stream/ReduceOps$Box done
Event: 3.844 Loading class java/util/stream/ReduceOps$3ReducingSink done
Event: 3.844 Loading class java/util/stream/IntPipeline$1$1
Event: 3.844 Loading class java/util/stream/Sink$ChainedInt
Event: 3.844 Loading class java/util/stream/Sink$OfInt
Event: 3.844 Loading class java/util/function/IntConsumer
Event: 3.844 Loading class java/util/function/IntConsumer done
Event: 3.844 Loading class java/util/stream/Sink$OfInt done
Event: 3.844 Loading class java/util/stream/Sink$ChainedInt done
Event: 3.844 Loading class java/util/stream/IntPipeline$1$1 done
Event: 3.865 Loading class java/util/AbstractList$SubList$1
Event: 3.865 Loading class java/util/AbstractList$SubList$1 done
Event: 3.960 Loading class java/text/StringCharacterIterator
Event: 3.960 Loading class java/text/CharacterIterator
Event: 3.961 Loading class java/text/CharacterIterator done
Event: 3.961 Loading class java/text/StringCharacterIterator done

Classes unloaded (0 events):
No events

Classes redefined (0 events):
No events

Internal exceptions (20 events):
Event: 3.189 Thread 0x000002684435f530 Exception <a 'java/lang/NoSuchMethodError'{0x000000008886f6a8}: 'java.lang.Object java.lang.invoke.DirectMethodHandle$Holder.invokeSpecial(java.lang.Object, java.lang.Object, java.lang.Object, java.lang.Object, java.lang.Object, java.lang.Object, java.lang.Object, java.lang.Object, java.lang.Object, java.lang.Object, java.lang.Object, java.lang.Object, java.lang.Object, java.lang.Object, java.lang.Object, java.lang.Object, java.lang.Object, java.lang.Object, java.lang.Object, java.lang.Object, java.lang.Ob
Event: 3.190 Thread 0x000002684435f530 Exception <a 'java/lang/NoSuchMethodError'{0x00000000888746b8}: 'java.lang.Object java.lang.invoke.DelegatingMethodHandle$Holder.reinvoke_L(java.lang.Object, java.lang.Object, java.lang.Object, java.lang.Object, java.lang.Object, java.lang.Object, java.lang.Object, java.lang.Object, java.lang.Object, java.lang.Object, java.lang.Object, java.lang.Object, java.lang.Object, java.lang.Object, java.lang.Object, java.lang.Object, java.lang.Object, java.lang.Object, java.lang.Object, java.lang.Object)'> (0x000000
Event: 3.233 Thread 0x000002684435f530 Exception <a 'java/lang/NoSuchMethodError'{0x000000008864c408}: 'java.lang.Object java.lang.invoke.DirectMethodHandle$Holder.newInvokeSpecial(java.lang.Object, java.lang.Object, java.lang.Object, java.lang.Object, java.lang.Object, java.lang.Object, java.lang.Object, java.lang.Object, java.lang.Object, java.lang.Object, java.lang.Object, java.lang.Object, java.lang.Object, java.lang.Object, java.lang.Object, java.lang.Object)'> (0x000000008864c408) 
thrown [s\src\hotspot\share\interpreter\linkResolver.cpp,
Event: 3.233 Thread 0x000002684435f530 Exception <a 'java/lang/NoSuchMethodError'{0x0000000088651c48}: 'java.lang.Object java.lang.invoke.DirectMethodHandle$Holder.invokeSpecial(java.lang.Object, java.lang.Object, java.lang.Object, java.lang.Object, java.lang.Object, java.lang.Object, java.lang.Object, java.lang.Object, java.lang.Object, java.lang.Object, java.lang.Object, java.lang.Object, java.lang.Object, java.lang.Object, java.lang.Object, java.lang.Object, java.lang.Object)'> (0x0000000088651c48) 
thrown [s\src\hotspot\share\interpreter\li
Event: 3.234 Thread 0x000002684435f530 Exception <a 'java/lang/NoSuchMethodError'{0x00000000886565d8}: 'java.lang.Object java.lang.invoke.DelegatingMethodHandle$Holder.reinvoke_L(java.lang.Object, java.lang.Object, java.lang.Object, java.lang.Object, java.lang.Object, java.lang.Object, java.lang.Object, java.lang.Object, java.lang.Object, java.lang.Object, java.lang.Object, java.lang.Object, java.lang.Object, java.lang.Object, java.lang.Object, java.lang.Object)'> (0x00000000886565d8) 
thrown [s\src\hotspot\share\interpreter\linkResolver.cpp, l
Event: 3.248 Thread 0x000002684435f530 Exception <a 'java/lang/NoSuchMethodError'{0x00000000886e0ec8}: 'java.lang.Object java.lang.invoke.DirectMethodHandle$Holder.newInvokeSpecial(java.lang.Object, java.lang.Object, java.lang.Object, java.lang.Object, java.lang.Object, java.lang.Object, java.lang.Object, java.lang.Object, java.lang.Object, java.lang.Object, java.lang.Object, java.lang.Object, java.lang.Object, java.lang.Object, java.lang.Object, java.lang.Object, java.lang.Object, java.lang.Object)'> (0x00000000886e0ec8) 
thrown [s\src\hotspot
Event: 3.249 Thread 0x000002684435f530 Exception <a 'java/lang/NoSuchMethodError'{0x00000000886e6af8}: 'java.lang.Object java.lang.invoke.DirectMethodHandle$Holder.invokeSpecial(java.lang.Object, java.lang.Object, java.lang.Object, java.lang.Object, java.lang.Object, java.lang.Object, java.lang.Object, java.lang.Object, java.lang.Object, java.lang.Object, java.lang.Object, java.lang.Object, java.lang.Object, java.lang.Object, java.lang.Object, java.lang.Object, java.lang.Object, java.lang.Object, java.lang.Object)'> (0x00000000886e6af8) 
thrown
Event: 3.249 Thread 0x000002684435f530 Exception <a 'java/lang/NoSuchMethodError'{0x00000000886eb770}: 'java.lang.Object java.lang.invoke.DelegatingMethodHandle$Holder.reinvoke_L(java.lang.Object, java.lang.Object, java.lang.Object, java.lang.Object, java.lang.Object, java.lang.Object, java.lang.Object, java.lang.Object, java.lang.Object, java.lang.Object, java.lang.Object, java.lang.Object, java.lang.Object, java.lang.Object, java.lang.Object, java.lang.Object, java.lang.Object, java.lang.Object)'> (0x00000000886eb770) 
thrown [s\src\hotspot\s
Event: 3.256 Thread 0x000002684435f530 Exception <a 'java/lang/NoSuchMethodError'{0x0000000088574248}: 'java.lang.Object java.lang.invoke.DirectMethodHandle$Holder.newInvokeSpecial(java.lang.Object, java.lang.Object, java.lang.Object, java.lang.Object, java.lang.Object, java.lang.Object, java.lang.Object, java.lang.Object, java.lang.Object, java.lang.Object, java.lang.Object, java.lang.Object, java.lang.Object, java.lang.Object, java.lang.Object, java.lang.Object, java.lang.Object, java.lang.Object, java.lang.Object, java.lang.Object, java.lang
Event: 3.256 Thread 0x000002684435f530 Exception <a 'java/lang/NoSuchMethodError'{0x000000008857b100}: 'java.lang.Object java.lang.invoke.DirectMethodHandle$Holder.invokeSpecial(java.lang.Object, java.lang.Object, java.lang.Object, java.lang.Object, java.lang.Object, java.lang.Object, java.lang.Object, java.lang.Object, java.lang.Object, java.lang.Object, java.lang.Object, java.lang.Object, java.lang.Object, java.lang.Object, java.lang.Object, java.lang.Object, java.lang.Object, java.lang.Object, java.lang.Object, java.lang.Object, java.lang.Ob
Event: 3.257 Thread 0x000002684435f530 Exception <a 'java/lang/NoSuchMethodError'{0x0000000088580878}: 'java.lang.Object java.lang.invoke.DelegatingMethodHandle$Holder.reinvoke_L(java.lang.Object, java.lang.Object, java.lang.Object, java.lang.Object, java.lang.Object, java.lang.Object, java.lang.Object, java.lang.Object, java.lang.Object, java.lang.Object, java.lang.Object, java.lang.Object, java.lang.Object, java.lang.Object, java.lang.Object, java.lang.Object, java.lang.Object, java.lang.Object, java.lang.Object, java.lang.Object, java.lang.O
Event: 3.262 Thread 0x000002684435f530 Exception <a 'java/lang/NoSuchMethodError'{0x000000008844f788}: 'java.lang.Object java.lang.invoke.DirectMethodHandle$Holder.invokeStatic(java.lang.Object, java.lang.Object, java.lang.Object, java.lang.Object, java.lang.Object, java.lang.Object, java.lang.Object, java.lang.Object, java.lang.Object, java.lang.Object, java.lang.Object, java.lang.Object, java.lang.Object, java.lang.Object, java.lang.Object, java.lang.Object, java.lang.Object, java.lang.Object, java.lang.Object, java.lang.Object, java.lang.Obj
Event: 3.263 Thread 0x000002684435f530 Exception <a 'java/lang/NoSuchMethodError'{0x0000000088482430}: 'java.lang.Object java.lang.invoke.DirectMethodHandle$Holder.invokeStatic(java.lang.Object, java.lang.Object, java.lang.Object, java.lang.Object, java.lang.Object, java.lang.Object, java.lang.Object, java.lang.Object, java.lang.Object, java.lang.Object, java.lang.Object, java.lang.Object, java.lang.Object, java.lang.Object, java.lang.Object, java.lang.Object, java.lang.Object, java.lang.Object, java.lang.Object, java.lang.Object, java.lang.Obj
Event: 3.273 Thread 0x000002684435f530 Exception <a 'java/lang/NoSuchMethodError'{0x00000000884f8618}: 'java.lang.Object java.lang.invoke.DirectMethodHandle$Holder.newInvokeSpecial(java.lang.Object, java.lang.Object, java.lang.Object, java.lang.Object, java.lang.Object, java.lang.Object, java.lang.Object, java.lang.Object, java.lang.Object, java.lang.Object, java.lang.Object, java.lang.Object, java.lang.Object)'> (0x00000000884f8618) 
thrown [s\src\hotspot\share\interpreter\linkResolver.cpp, line 784]
Event: 3.273 Thread 0x000002684435f530 Exception <a 'java/lang/NoSuchMethodError'{0x00000000884fd628}: 'java.lang.Object java.lang.invoke.DirectMethodHandle$Holder.invokeSpecial(java.lang.Object, java.lang.Object, java.lang.Object, java.lang.Object, java.lang.Object, java.lang.Object, java.lang.Object, java.lang.Object, java.lang.Object, java.lang.Object, java.lang.Object, java.lang.Object, java.lang.Object, java.lang.Object)'> (0x00000000884fd628) 
thrown [s\src\hotspot\share\interpreter\linkResolver.cpp, line 784]
Event: 3.273 Thread 0x000002684435f530 Exception <a 'java/lang/NoSuchMethodError'{0x0000000088301dc0}: 'java.lang.Object java.lang.invoke.DelegatingMethodHandle$Holder.reinvoke_L(java.lang.Object, java.lang.Object, java.lang.Object, java.lang.Object, java.lang.Object, java.lang.Object, java.lang.Object, java.lang.Object, java.lang.Object, java.lang.Object, java.lang.Object, java.lang.Object, java.lang.Object)'> (0x0000000088301dc0) 
thrown [s\src\hotspot\share\interpreter\linkResolver.cpp, line 784]
Event: 3.470 Thread 0x000002684435f530 Exception <a 'java/lang/NoSuchMethodError'{0x0000000087b4e3f0}: 'java.lang.Object java.lang.invoke.DirectMethodHandle$Holder.newInvokeSpecial(java.lang.Object, java.lang.Object, int)'> (0x0000000087b4e3f0) 
thrown [s\src\hotspot\share\interpreter\linkResolver.cpp, line 784]
Event: 3.665 Thread 0x000002684435f530 Exception <a 'java/lang/NoSuchMethodError'{0x00000000ffe8a728}: 'java.lang.Object java.lang.invoke.DirectMethodHandle$Holder.newInvokeSpecial(java.lang.Object, java.lang.Object, java.lang.Object, int)'> (0x00000000ffe8a728) 
thrown [s\src\hotspot\share\interpreter\linkResolver.cpp, line 784]
Event: 3.665 Thread 0x000002684435f530 Exception <a 'java/lang/NoSuchMethodError'{0x00000000ffe8e8a8}: 'java.lang.Object java.lang.invoke.DirectMethodHandle$Holder.invokeSpecial(java.lang.Object, java.lang.Object, java.lang.Object, java.lang.Object, int)'> (0x00000000ffe8e8a8) 
thrown [s\src\hotspot\share\interpreter\linkResolver.cpp, line 784]
Event: 3.666 Thread 0x000002684435f530 Exception <a 'java/lang/NoSuchMethodError'{0x00000000ffe91ff0}: 'java.lang.Object java.lang.invoke.Invokers$Holder.linkToTargetMethod(java.lang.Object, java.lang.Object, int, java.lang.Object)'> (0x00000000ffe91ff0) 
thrown [s\src\hotspot\share\interpreter\linkResolver.cpp, line 784]

ZGC Phase Switch (0 events):
No events

VM Operations (20 events):
Event: 3.743 Executing VM operation: HandshakeAllThreads (Deoptimize)
Event: 3.743 Executing VM operation: HandshakeAllThreads (Deoptimize) done
Event: 3.792 Executing VM operation: HandshakeAllThreads (Deoptimize)
Event: 3.792 Executing VM operation: HandshakeAllThreads (Deoptimize) done
Event: 3.900 Executing VM operation: HandshakeAllThreads (Deoptimize)
Event: 3.900 Executing VM operation: HandshakeAllThreads (Deoptimize) done
Event: 3.921 Executing VM operation: ICBufferFull
Event: 3.921 Executing VM operation: ICBufferFull done
Event: 3.960 Executing VM operation: HandshakeAllThreads (Deoptimize)
Event: 3.960 Executing VM operation: HandshakeAllThreads (Deoptimize) done
Event: 4.282 Executing VM operation: G1CollectForAllocation (G1 Evacuation Pause)
Event: 4.295 Executing VM operation: G1CollectForAllocation (G1 Evacuation Pause) done
Event: 4.479 Executing VM operation: HandshakeAllThreads (Deoptimize)
Event: 4.479 Executing VM operation: HandshakeAllThreads (Deoptimize) done
Event: 4.480 Executing VM operation: HandshakeAllThreads (Deoptimize)
Event: 4.480 Executing VM operation: HandshakeAllThreads (Deoptimize) done
Event: 4.751 Executing VM operation: ICBufferFull
Event: 4.751 Executing VM operation: ICBufferFull done
Event: 4.772 Executing VM operation: HandshakeAllThreads (Deoptimize)
Event: 4.772 Executing VM operation: HandshakeAllThreads (Deoptimize) done

Memory protections (0 events):
No events

Nmethod flushes (20 events):
Event: 2.832 Thread 0x000002685b1f8680 flushing  nmethod 0x000002684762d190
Event: 2.832 Thread 0x000002685b1f8680 flushing  nmethod 0x0000026847655010
Event: 2.832 Thread 0x000002685b1f8680 flushing  nmethod 0x0000026847677e90
Event: 2.832 Thread 0x000002685b1f8680 flushing  nmethod 0x0000026847678210
Event: 2.832 Thread 0x000002685b1f8680 flushing  nmethod 0x0000026847693410
Event: 2.832 Thread 0x000002685b1f8680 flushing  nmethod 0x00000268476c1710
Event: 2.832 Thread 0x000002685b1f8680 flushing  nmethod 0x00000268476c6610
Event: 2.832 Thread 0x000002685b1f8680 flushing  nmethod 0x00000268476c9c90
Event: 2.832 Thread 0x000002685b1f8680 flushing  nmethod 0x00000268476f5a90
Event: 2.832 Thread 0x000002685b1f8680 flushing  nmethod 0x00000268476f6390
Event: 2.832 Thread 0x000002685b1f8680 flushing  nmethod 0x00000268476f7490
Event: 2.832 Thread 0x000002685b1f8680 flushing  nmethod 0x00000268476f8290
Event: 2.832 Thread 0x000002685b1f8680 flushing  nmethod 0x000002684774b710
Event: 2.832 Thread 0x000002685b1f8680 flushing osr nmethod 0x000002684774c790
Event: 2.832 Thread 0x000002685b1f8680 flushing osr nmethod 0x000002684774ee10
Event: 2.832 Thread 0x000002685b1f8680 flushing osr nmethod 0x000002684774f490
Event: 2.832 Thread 0x000002685b1f8680 flushing osr nmethod 0x0000026847751390
Event: 2.832 Thread 0x000002685b1f8680 flushing osr nmethod 0x0000026847753790
Event: 2.832 Thread 0x000002685b1f8680 flushing  nmethod 0x0000026847754210
Event: 2.832 Thread 0x000002685b1f8680 flushing  nmethod 0x0000026847757190

Events (18 events):
Event: 0.011 Thread 0x000002684435f530 Thread added: 0x000002684435f530
Event: 0.063 Thread 0x000002684435f530 Thread added: 0x000002685b2676a0
Event: 0.063 Thread 0x000002684435f530 Thread added: 0x000002685b2684e0
Event: 0.065 Thread 0x000002684435f530 Thread added: 0x000002685b26d0c0
Event: 0.065 Thread 0x000002684435f530 Thread added: 0x000002685b26a460
Event: 0.065 Thread 0x000002684435f530 Thread added: 0x000002685b26aac0
Event: 0.065 Thread 0x000002684435f530 Thread added: 0x000002685b26b510
Event: 0.065 Thread 0x000002684435f530 Thread added: 0x000002685b277f00
Event: 0.065 Thread 0x000002684435f530 Thread added: 0x000002685b2789e0
Event: 0.148 Thread 0x000002684435f530 Thread added: 0x000002685b416d20
Event: 0.156 Thread 0x000002684435f530 Thread added: 0x000002685b417950
Event: 0.168 Loaded shared library C:\Program Files\Android\Android Studio\jbr\bin\net.dll
Event: 0.170 Loaded shared library C:\Program Files\Android\Android Studio\jbr\bin\nio.dll
Event: 0.195 Thread 0x000002685b277f00 Thread added: 0x000002685b27c060
Event: 0.206 Loaded shared library C:\Program Files\Android\Android Studio\jbr\bin\zip.dll
Event: 0.256 Loaded shared library C:\Program Files\Android\Android Studio\jbr\bin\jimage.dll
Event: 1.051 Thread 0x000002685b27c060 Thread exited: 0x000002685b27c060
Event: 1.430 Thread 0x000002685b277f00 Thread added: 0x000002685b27b990


Dynamic libraries:
0x00007ff6bf1b0000 - 0x00007ff6bf1ba000 	C:\Program Files\Android\Android Studio\jbr\bin\java.exe
0x00007fff82a70000 - 0x00007fff82c87000 	C:\WINDOWS\SYSTEM32\ntdll.dll
0x00007fff81060000 - 0x00007fff81124000 	C:\WINDOWS\System32\KERNEL32.DLL
0x00007fff7fde0000 - 0x00007fff801b2000 	C:\WINDOWS\System32\KERNELBASE.dll
0x00007fff802e0000 - 0x00007fff803f1000 	C:\WINDOWS\System32\ucrtbase.dll
0x00007fff7a220000 - 0x00007fff7a238000 	C:\Program Files\Android\Android Studio\jbr\bin\jli.dll
0x00007fff7a290000 - 0x00007fff7a2ab000 	C:\Program Files\Android\Android Studio\jbr\bin\VCRUNTIME140.dll
0x00007fff81320000 - 0x00007fff814d1000 	C:\WINDOWS\System32\USER32.dll
0x00007fff74a30000 - 0x00007fff74ccb000 	C:\WINDOWS\WinSxS\amd64_microsoft.windows.common-controls_6595b64144ccf1df_6.0.22621.5547_none_27104afb73855772\COMCTL32.dll
0x00007fff806a0000 - 0x00007fff806c6000 	C:\WINDOWS\System32\win32u.dll
0x00007fff80b50000 - 0x00007fff80bf7000 	C:\WINDOWS\System32\msvcrt.dll
0x00007fff81550000 - 0x00007fff81579000 	C:\WINDOWS\System32\GDI32.dll
0x00007fff80400000 - 0x00007fff80523000 	C:\WINDOWS\System32\gdi32full.dll
0x00007fff801c0000 - 0x00007fff8025a000 	C:\WINDOWS\System32\msvcp_win.dll
0x00007fff829c0000 - 0x00007fff829f1000 	C:\WINDOWS\System32\IMM32.DLL
0x00007fff7b880000 - 0x00007fff7b88c000 	C:\Program Files\Android\Android Studio\jbr\bin\vcruntime140_1.dll
0x00007fff69520000 - 0x00007fff695ad000 	C:\Program Files\Android\Android Studio\jbr\bin\msvcp140.dll
0x00007fff31c80000 - 0x00007fff3290b000 	C:\Program Files\Android\Android Studio\jbr\bin\server\jvm.dll
0x00007fff81740000 - 0x00007fff817f1000 	C:\WINDOWS\System32\ADVAPI32.dll
0x00007fff81690000 - 0x00007fff81738000 	C:\WINDOWS\System32\sechost.dll
0x00007fff7fc70000 - 0x00007fff7fc98000 	C:\WINDOWS\System32\bcrypt.dll
0x00007fff82380000 - 0x00007fff82494000 	C:\WINDOWS\System32\RPCRT4.dll
0x00007fff80d90000 - 0x00007fff80e01000 	C:\WINDOWS\System32\WS2_32.dll
0x00007fff7fa00000 - 0x00007fff7fa4d000 	C:\WINDOWS\SYSTEM32\POWRPROF.dll
0x00007fff7a160000 - 0x00007fff7a194000 	C:\WINDOWS\SYSTEM32\WINMM.dll
0x00007fff77bb0000 - 0x00007fff77bba000 	C:\WINDOWS\SYSTEM32\VERSION.dll
0x00007fff7f9e0000 - 0x00007fff7f9f3000 	C:\WINDOWS\SYSTEM32\UMPDC.dll
0x00007fff7eb20000 - 0x00007fff7eb38000 	C:\WINDOWS\SYSTEM32\kernel.appcore.dll
0x00007fff7b7f0000 - 0x00007fff7b7fa000 	C:\Program Files\Android\Android Studio\jbr\bin\jimage.dll
0x00007fff7d520000 - 0x00007fff7d753000 	C:\WINDOWS\SYSTEM32\DBGHELP.DLL
0x00007fff824b0000 - 0x00007fff82843000 	C:\WINDOWS\System32\combase.dll
0x00007fff82850000 - 0x00007fff82927000 	C:\WINDOWS\System32\OLEAUT32.dll
0x00007fff5d6a0000 - 0x00007fff5d6d2000 	C:\WINDOWS\SYSTEM32\dbgcore.DLL
0x00007fff7fca0000 - 0x00007fff7fd1b000 	C:\WINDOWS\System32\bcryptPrimitives.dll
0x00007fff7a270000 - 0x00007fff7a290000 	C:\Program Files\Android\Android Studio\jbr\bin\java.dll
0x00007fff71cb0000 - 0x00007fff71cc8000 	C:\Program Files\Android\Android Studio\jbr\bin\zip.dll
0x00007fff81ac0000 - 0x00007fff82362000 	C:\WINDOWS\System32\SHELL32.dll
0x00007fff7fb30000 - 0x00007fff7fc6f000 	C:\WINDOWS\System32\wintypes.dll
0x00007fff7da10000 - 0x00007fff7e32d000 	C:\WINDOWS\SYSTEM32\windows.storage.dll
0x00007fff81580000 - 0x00007fff8168c000 	C:\WINDOWS\System32\SHCORE.dll
0x00007fff814e0000 - 0x00007fff81549000 	C:\WINDOWS\System32\shlwapi.dll
0x00007fff7fa60000 - 0x00007fff7fa8b000 	C:\WINDOWS\SYSTEM32\profapi.dll
0x00007fff7a2e0000 - 0x00007fff7a2f0000 	C:\Program Files\Android\Android Studio\jbr\bin\net.dll
0x00007fff79b00000 - 0x00007fff79c2c000 	C:\WINDOWS\SYSTEM32\WINHTTP.dll
0x00007fff7ef90000 - 0x00007fff7eff9000 	C:\WINDOWS\system32\mswsock.dll
0x00007fff71900000 - 0x00007fff71916000 	C:\Program Files\Android\Android Studio\jbr\bin\nio.dll
0x00007fff6ff40000 - 0x00007fff6ff50000 	C:\Program Files\Android\Android Studio\jbr\bin\verify.dll

dbghelp: loaded successfully - version: 4.0.5 - missing functions: none
symbol engine: initialized successfully - sym options: 0x614 - pdb path: .;C:\Program Files\Android\Android Studio\jbr\bin;C:\WINDOWS\SYSTEM32;C:\WINDOWS\WinSxS\amd64_microsoft.windows.common-controls_6595b64144ccf1df_6.0.22621.5547_none_27104afb73855772;C:\Program Files\Android\Android Studio\jbr\bin\server

VM Arguments:
java_command: org.jetbrains.kotlin.cli.jvm.K2JVMCompiler @D:\flutter_windows_3.35.2-stable\flutter\packages\flutter_tools\gradle\build\20250920_3524342610313607682.compiler.options
java_class_path (initial): C:\Users\user\.gradle\caches\modules-2\files-2.1\org.jetbrains.kotlin\kotlin-compiler-embeddable\1.9.24\78dab849090e6c5e2eadb6e59a11cdc28fb67a08\kotlin-compiler-embeddable-1.9.24.jar;C:\Users\user\.gradle\caches\modules-2\files-2.1\org.jetbrains.kotlin\kotlin-stdlib\1.9.24\9928532f12c66ad816a625b3f9984f8368ca6d2b\kotlin-stdlib-1.9.24.jar;C:\Users\user\.gradle\caches\modules-2\files-2.1\org.jetbrains.kotlin\kotlin-script-runtime\1.9.24\96771497da90fbc5af1c90fce148db2595a62502\kotlin-script-runtime-1.9.24.jar;C:\Users\user\.gradle\caches\modules-2\files-2.1\org.jetbrains.kotlin\kotlin-reflect\1.6.10\1cbe9c92c12a94eea200d23c2bbaedaf3daf5132\kotlin-reflect-1.6.10.jar;C:\Users\user\.gradle\caches\modules-2\files-2.1\org.jetbrains.kotlin\kotlin-daemon-embeddable\1.9.24\86685b9c5e8d170925bd9ddbdc263374a6a73281\kotlin-daemon-embeddable-1.9.24.jar;C:\Users\user\.gradle\caches\modules-2\files-2.1\org.jetbrains.intellij.deps\trove4j\1.0.20200330\3afb14d5f9ceb459d724e907a21145e8ff394f02\trove4j-1.0.20200330.jar;C:\Users\user\.gradle\caches\modules-2\files-2.1\org.jetbrains\annotations\13.0\919f0dfe192fb4e063e7dacadee7f8bb9a2672a9\annotations-13.0.jar
Launcher Type: SUN_STANDARD

[Global flags]
     intx CICompilerCount                          = 3                                         {product} {ergonomic}
     uint ConcGCThreads                            = 1                                         {product} {ergonomic}
     uint G1ConcRefinementThreads                  = 4                                         {product} {ergonomic}
   size_t G1HeapRegionSize                         = 1048576                                   {product} {ergonomic}
    uintx GCDrainStackTargetSize                   = 64                                        {product} {ergonomic}
   size_t InitialHeapSize                          = 130023424                                 {product} {ergonomic}
   size_t MarkStackSize                            = 4194304                                   {product} {ergonomic}
   size_t MaxHeapSize                              = 2080374784                                {product} {ergonomic}
   size_t MaxNewSize                               = 1247805440                                {product} {ergonomic}
   size_t MinHeapDeltaBytes                        = 1048576                                   {product} {ergonomic}
   size_t MinHeapSize                              = 8388608                                   {product} {ergonomic}
    uintx NonNMethodCodeHeapSize                   = 5832780                                {pd product} {ergonomic}
    uintx NonProfiledCodeHeapSize                  = 122912730                              {pd product} {ergonomic}
    uintx ProfiledCodeHeapSize                     = 122912730                              {pd product} {ergonomic}
    uintx ReservedCodeCacheSize                    = 251658240                              {pd product} {ergonomic}
     bool SegmentedCodeCache                       = true                                      {product} {ergonomic}
   size_t SoftMaxHeapSize                          = 2080374784                             {manageable} {ergonomic}
     bool UseCompressedOops                        = true                           {product lp64_product} {ergonomic}
     bool UseG1GC                                  = true                                      {product} {ergonomic}
     bool UseLargePagesIndividualAllocation        = false                                  {pd product} {ergonomic}

Logging:
Log output configuration:
 #0: stdout all=warning uptime,level,tags foldmultilines=false
 #1: stderr all=off uptime,level,tags foldmultilines=false

Environment Variables:
JAVA_HOME=C:\Program Files\Android\Android Studio\jbr
CLASSPATH=C:\Users\user\Downloads\Maya-main\Maya-main\android\\gradle\wrapper\gradle-wrapper.jar
PATH=C:\Program Files\Android\Android Studio\jbr\bin;C:\Program Files\Common Files\Oracle\Java\javapath;C:\WINDOWS\system32;C:\WINDOWS;C:\WINDOWS\System32\Wbem;C:\WINDOWS\System32\WindowsPowerShell\v1.0\;C:\WINDOWS\System32\OpenSSH\;C:\MinGW\bin;C:\Program Files\Microsoft SQL Server\110\Tools\Binn\;C:\dart-sdk\bin;C:\flutter_windows_3.35.2-stable.zip\flutter\bin;C:\Program Files\nodejs\;C:\Users\user\AppData\Local\Microsoft\WindowsApps;C:\Program Files\Java\jdk-23\bin;D:\flutter_windows_3.35.2-stable\flutter\bin;C:\Users\user\AppData\Roaming\npm;C:\Users\user\AppData\Local\Pub\Cache\bin;;D:\flutter_windows_3.35.2-stable\flutter\bin\mingit\cmd
USERNAME=user
OS=Windows_NT
PROCESSOR_IDENTIFIER=Intel64 Family 6 Model 126 Stepping 5, GenuineIntel
TMP=C:\Users\user\AppData\Local\Temp
TEMP=C:\Users\user\AppData\Local\Temp




Periodic native trim disabled

JNI global refs:
JNI global refs: 8, weak refs: 10

JNI global refs memory usage: 835, weak refs: 833

Process memory usage:
Resident Set Size: 268052K (3% of 8124792K total physical memory with 513984K free physical memory)

OOME stack traces (most recent first):
Classloader memory used:
Loader jdk.internal.loader.ClassLoaders$AppClassLoader                                 : 37402K
Loader bootstrap                                                                       : 12824K
Loader java.net.URLClassLoader                                                         : 564K
Loader jdk.internal.jrtfs.JrtFileSystemProvider$JrtFsLoader                            : 320K
Loader jdk.internal.loader.ClassLoaders$PlatformClassLoader                            : 67816B

Classes loaded by more than one classloader:
Class jdk.internal.jimage.BasicImageReader                                            : loaded 2 times (x 91B)
Class jdk.internal.jimage.decompressor.StringSharingDecompressorFactory               : loaded 2 times (x 70B)
Class jdk.internal.jrtfs.JrtFileSystemProvider                                        : loaded 2 times (x 97B)
Class jdk.internal.jimage.ImageLocation                                               : loaded 2 times (x 86B)
Class jdk.internal.jimage.ImageBufferCache$1                                          : loaded 2 times (x 79B)
Class jdk.internal.jimage.ImageBufferCache$2                                          : loaded 2 times (x 87B)
Class jdk.internal.jimage.ImageHeader                                                 : loaded 2 times (x 67B)
Class jdk.internal.jimage.decompressor.ResourceDecompressor                           : loaded 2 times (x 66B)
Class jdk.internal.jimage.ImageStringsReader                                          : loaded 2 times (x 76B)
Class jdk.internal.jimage.ImageReader                                                 : loaded 2 times (x 71B)
Class jdk.internal.jimage.ImageReader$SharedImageReader                               : loaded 2 times (x 91B)
Class jdk.internal.jimage.decompressor.ResourceDecompressorFactory                    : loaded 2 times (x 70B)
Class jdk.internal.jimage.ImageReader$Node                                            : loaded 2 times (x 80B)
Class jdk.internal.jimage.BasicImageReader$1                                          : loaded 2 times (x 73B)
Class jdk.internal.jimage.decompressor.Decompressor                                   : loaded 2 times (x 68B)
Class jdk.internal.jimage.ImageBufferCache                                            : loaded 2 times (x 67B)
Class jdk.internal.jrtfs.JrtPath                                                      : loaded 2 times (x 114B)
Class jdk.internal.jimage.decompressor.ResourceDecompressorRepository                 : loaded 2 times (x 67B)
Class jdk.internal.jimage.ImageReader$Directory                                       : loaded 2 times (x 80B)
Class jdk.internal.jimage.decompressor.ZipDecompressorFactory                         : loaded 2 times (x 70B)
Class jdk.internal.jimage.decompressor.ZipDecompressor                                : loaded 2 times (x 71B)
Class jdk.internal.jimage.ImageStrings                                                : loaded 2 times (x 66B)
Class jdk.internal.jrtfs.JrtFileSystem                                                : loaded 2 times (x 98B)
Class jdk.internal.jimage.decompressor.CompressedResourceHeader                       : loaded 2 times (x 67B)
Class jdk.internal.jimage.decompressor.ResourceDecompressor$StringsProvider           : loaded 2 times (x 66B)

---------------  S Y S T E M  ---------------

OS:
 Windows 11 , 64 bit Build 22621 (10.0.22621.5415)
OS uptime: 8 days 23:47 hours
Hyper-V role detected

CPU: total 4 (initial active 4) (2 cores per cpu, 2 threads per core) family 6 model 126 stepping 5 microcode 0x86, cx8, cmov, fxsr, ht, mmx, 3dnowpref, sse, sse2, sse3, ssse3, sse4.1, sse4.2, popcnt, lzcnt, tsc, tscinvbit, avx, avx2, aes, erms, clmul, bmi1, bmi2, adx, avx512f, avx512dq, avx512cd, avx512bw, avx512vl, sha, fma, vzeroupper, avx512_vpopcntdq, avx512_vpclmulqdq, avx512_vaes, avx512_vnni, clflush, clflushopt, avx512_vbmi2, avx512_vbmi, hv, rdtscp, rdpid, fsrm, gfni, avx512_bitalg, f16c, avx512_ifma
Processor Information for processor 0
  Max Mhz: 1190, Current Mhz: 1190, Mhz Limit: 1190
Processor Information for processor 1
  Max Mhz: 1190, Current Mhz: 1190, Mhz Limit: 1190
Processor Information for processor 2
  Max Mhz: 1190, Current Mhz: 1190, Mhz Limit: 1190
Processor Information for processor 3
  Max Mhz: 1190, Current Mhz: 991, Mhz Limit: 1190

Memory: 4k page, system-wide physical 7934M (501M free)
TotalPageFile size 16702M (AvailPageFile size 5M)
current process WorkingSet (physical memory assigned to process): 262M, peak: 262M
current process commit charge ("private bytes"): 289M, peak: 290M

vm_info: OpenJDK 64-Bit Server VM (21.0.6+-13368085-b895.109) for windows-amd64 JRE (21.0.6+-13368085-b895.109), built on 2025-04-16T17:01:31Z by "builder" with MS VC++ 16.10 / 16.11 (VS2019)

END.
